Using pre-set license
Built from '2020.3/release' branch; Version is '2020.3.7f1 (dd97f2c94397) revision 14522354'; Using compiler version '192528614'; Build Type 'Release'
OS: 'Windows 10 Pro; OS build 19041.1110; Version 2004; 64bit' Language: 'tr' Physical Memory: 16255 MB
BatchMode: 1, IsHumanControllingUs: 0, StartBugReporterOnCrash: 0, Is64bit: 1, IsPro: 0

 COMMAND LINE ARGUMENTS:
D:\UNITY\2020.3.7f1\Editor\Unity.exe
-adb2
-batchMode
-noUpm
-name
AssetImportWorker0
-projectPath
D:/Github/box-stacker
-logFile
Logs/AssetImportWorker0.log
-srvPort
57363
Successfully changed project path to: D:/Github/box-stacker
D:/Github/box-stacker
Using Asset Import Pipeline V2.
Refreshing native plugins compatible for Editor in 24.34 ms, found 0 plugins.
Preloading 0 native plugins for Editor in 0.00 ms.
Initialize engine version: 2020.3.7f1 (dd97f2c94397)
[Subsystems] Discovering subsystems at path D:/UNITY/2020.3.7f1/Editor/Data/Resources/UnitySubsystems
[Subsystems] Discovering subsystems at path D:/Github/box-stacker/Assets
GfxDevice: creating device client; threaded=0
Direct3D:
    Version:  Direct3D 11.0 [level 11.1]
    Renderer: NVIDIA GeForce GTX 1660 (ID=0x2184)
    Vendor:   
    VRAM:     5992 MB
    Driver:   27.21.14.6627
Initialize mono
Mono path[0] = 'D:/UNITY/2020.3.7f1/Editor/Data/Managed'
Mono path[1] = 'D:/UNITY/2020.3.7f1/Editor/Data/MonoBleedingEdge/lib/mono/unityjit'
Mono config path = 'D:/UNITY/2020.3.7f1/Editor/Data/MonoBleedingEdge/etc'
Using monoOptions --debugger-agent=transport=dt_socket,embedding=1,server=y,suspend=n,address=127.0.0.1:56732
Begin MonoManager ReloadAssembly
Registering precompiled unity dll's ...
Register platform support module: D:/UNITY/2020.3.7f1/Editor/Data/PlaybackEngines/WebGLSupport/UnityEditor.WebGL.Extensions.dll
Register platform support module: D:/UNITY/2020.3.7f1/Editor/Data/PlaybackEngines/WindowsStandaloneSupport/UnityEditor.WindowsStandalone.Extensions.dll
Registered in 0.001363 seconds.
Native extension for WindowsStandalone target not found
Native extension for WebGL target not found
Refreshing native plugins compatible for Editor in 21.92 ms, found 0 plugins.
Preloading 0 native plugins for Editor in 0.00 ms.
Mono: successfully reloaded assembly
- Completed reload, in  2.445 seconds
Platform modules already initialized, skipping
Registering precompiled user dll's ...
Registered in 0.000566 seconds.
Begin MonoManager ReloadAssembly
Native extension for WindowsStandalone target not found
Native extension for WebGL target not found
Refreshing native plugins compatible for Editor in 0.26 ms, found 0 plugins.
Preloading 0 native plugins for Editor in 0.00 ms.
Mono: successfully reloaded assembly
- Completed reload, in  0.859 seconds
Platform modules already initialized, skipping
========================================================================
Worker process is ready to serve import requests
Launched and connected shader compiler UnityShaderCompiler.exe after 0.04 seconds
Refreshing native plugins compatible for Editor in 0.26 ms, found 0 plugins.
Preloading 0 native plugins for Editor in 0.00 ms.
Unloading 1138 Unused Serialized files (Serialized files now loaded: 0)
System memory in use before: 60.1 MB.
System memory in use after: 60.2 MB.

Unloading 10 unused Assets to reduce memory usage. Loaded Objects now: 1583.
Total: 2.240400 ms (FindLiveObjects: 0.277500 ms CreateObjectMapping: 0.087100 ms MarkObjects: 1.793700 ms  DeleteObjects: 0.081000 ms)

========================================================================
Received Import Request.
  path: Assets/Scripts/CrateSpawner.cs
  artifactKey: Guid(b4b96559246558c42873e45bef62b7db) Importer(815301076,1909f56bfc062723c751e8b465ee728b)
Start importing Assets/Scripts/CrateSpawner.cs using Guid(b4b96559246558c42873e45bef62b7db) Importer(815301076,1909f56bfc062723c751e8b465ee728b)  -> (artifact id: '404f2dac877290dbd9d9483ff1ccf672') in 0.041503 seconds
  Import took 0.043487 seconds .

========================================================================
Received Import Request.
  Time since last request: 129.951499 seconds.
  path: Assets/Levels/level_1ddwad 1.unity
  artifactKey: Guid(d95a579ea9f1eaa4b9e7b6b6c9bde1c3) Importer(815301076,1909f56bfc062723c751e8b465ee728b)
Start importing Assets/Levels/level_1ddwad 1.unity using Guid(d95a579ea9f1eaa4b9e7b6b6c9bde1c3) Importer(815301076,1909f56bfc062723c751e8b465ee728b)  -> (artifact id: '23b51bfaf4ecc48274863fb80cf10af5') in 0.015474 seconds
  Import took 0.017898 seconds .

========================================================================
Received Import Request.
  Time since last request: 3.833895 seconds.
  path: Assets/Levels/level_2.unity
  artifactKey: Guid(d95a579ea9f1eaa4b9e7b6b6c9bde1c3) Importer(815301076,1909f56bfc062723c751e8b465ee728b)
Start importing Assets/Levels/level_2.unity using Guid(d95a579ea9f1eaa4b9e7b6b6c9bde1c3) Importer(815301076,1909f56bfc062723c751e8b465ee728b)  -> (artifact id: '074c15a138ce7ea35773282b06eeab5a') in 0.009031 seconds
  Import took 0.011411 seconds .

========================================================================
Received Import Request.
  Time since last request: 181.122975 seconds.
  path: Assets/Levels/level_1ddwad.unity
  artifactKey: Guid(3a29f04b3982e5c4ca466212334670c2) Importer(815301076,1909f56bfc062723c751e8b465ee728b)
Start importing Assets/Levels/level_1ddwad.unity using Guid(3a29f04b3982e5c4ca466212334670c2) Importer(815301076,1909f56bfc062723c751e8b465ee728b)  -> (artifact id: '3e19a617b7f3added25d146431b9278a') in 0.007673 seconds
  Import took 0.011128 seconds .

========================================================================
Received Import Request.
  Time since last request: 4.038194 seconds.
  path: Assets/Levels/level_1ddwad 1.unity
  artifactKey: Guid(3cdba254057dc7849837e49a60a8f750) Importer(815301076,1909f56bfc062723c751e8b465ee728b)
Start importing Assets/Levels/level_1ddwad 1.unity using Guid(3cdba254057dc7849837e49a60a8f750) Importer(815301076,1909f56bfc062723c751e8b465ee728b)  -> (artifact id: 'e1f4e7b066b45524eaa435bb8bf16100') in 0.003109 seconds
  Import took 0.005724 seconds .

========================================================================
Received Import Request.
  Time since last request: 3.637554 seconds.
  path: Assets/Levels/level_2.unity
  artifactKey: Guid(3cdba254057dc7849837e49a60a8f750) Importer(815301076,1909f56bfc062723c751e8b465ee728b)
Start importing Assets/Levels/level_2.unity using Guid(3cdba254057dc7849837e49a60a8f750) Importer(815301076,1909f56bfc062723c751e8b465ee728b)  -> (artifact id: '2ba0d2fcdc86c16e717d4c6cb571a66d') in 0.002462 seconds
  Import took 0.013019 seconds .

========================================================================
Received Prepare
Registering precompiled user dll's ...
Registered in 0.000639 seconds.
Begin MonoManager ReloadAssembly
Native extension for WindowsStandalone target not found
Native extension for WebGL target not found
Refreshing native plugins compatible for Editor in 0.24 ms, found 0 plugins.
Preloading 0 native plugins for Editor in 0.00 ms.
Mono: successfully reloaded assembly
- Completed reload, in  0.779 seconds
Platform modules already initialized, skipping
Refreshing native plugins compatible for Editor in 0.30 ms, found 0 plugins.
Preloading 0 native plugins for Editor in 0.00 ms.
Unloading 1119 Unused Serialized files (Serialized files now loaded: 0)
System memory in use before: 58.7 MB.
System memory in use after: 58.8 MB.

Unloading 5 unused Assets to reduce memory usage. Loaded Objects now: 1586.
Total: 2.129300 ms (FindLiveObjects: 0.260800 ms CreateObjectMapping: 0.114700 ms MarkObjects: 1.694900 ms  DeleteObjects: 0.058000 ms)

========================================================================
Received Import Request.
  Time since last request: 90.460216 seconds.
  path: Assets/Levels/level_1ddwad.unity
  artifactKey: Guid(3a29f04b3982e5c4ca466212334670c2) Importer(815301076,1909f56bfc062723c751e8b465ee728b)
Start importing Assets/Levels/level_1ddwad.unity using Guid(3a29f04b3982e5c4ca466212334670c2) Importer(815301076,1909f56bfc062723c751e8b465ee728b)  -> (artifact id: 'b7320e6d0ad83de701a1b5973d6b088a') in 0.012358 seconds
  Import took 0.014622 seconds .

========================================================================
Received Import Request.
  Time since last request: 4.148657 seconds.
  path: Assets/Levels/level_1.unity
  artifactKey: Guid(3a29f04b3982e5c4ca466212334670c2) Importer(815301076,1909f56bfc062723c751e8b465ee728b)
Start importing Assets/Levels/level_1.unity using Guid(3a29f04b3982e5c4ca466212334670c2) Importer(815301076,1909f56bfc062723c751e8b465ee728b)  -> (artifact id: 'ffc31fc2f6eb6cf27c4f7de6678c6f2a') in 0.008518 seconds
  Import took 0.011367 seconds .

========================================================================
Received Prepare
Registering precompiled user dll's ...
Registered in 0.000907 seconds.
Begin MonoManager ReloadAssembly
Native extension for WindowsStandalone target not found
Native extension for WebGL target not found
Refreshing native plugins compatible for Editor in 0.25 ms, found 0 plugins.
Preloading 0 native plugins for Editor in 0.00 ms.
Mono: successfully reloaded assembly
- Completed reload, in  0.901 seconds
Platform modules already initialized, skipping
Refreshing native plugins compatible for Editor in 0.40 ms, found 0 plugins.
Preloading 0 native plugins for Editor in 0.00 ms.
Unloading 1119 Unused Serialized files (Serialized files now loaded: 0)
System memory in use before: 58.8 MB.
System memory in use after: 58.8 MB.

Unloading 5 unused Assets to reduce memory usage. Loaded Objects now: 1589.
Total: 2.182600 ms (FindLiveObjects: 0.201000 ms CreateObjectMapping: 0.048100 ms MarkObjects: 1.877700 ms  DeleteObjects: 0.054200 ms)

========================================================================
Received Prepare
Registering precompiled user dll's ...
Registered in 0.000626 seconds.
Begin MonoManager ReloadAssembly
Native extension for WindowsStandalone target not found
Native extension for WebGL target not found
Refreshing native plugins compatible for Editor in 0.25 ms, found 0 plugins.
Preloading 0 native plugins for Editor in 0.00 ms.
Mono: successfully reloaded assembly
- Completed reload, in  0.825 seconds
Platform modules already initialized, skipping
Refreshing native plugins compatible for Editor in 0.24 ms, found 0 plugins.
Preloading 0 native plugins for Editor in 0.00 ms.
Unloading 1119 Unused Serialized files (Serialized files now loaded: 0)
System memory in use before: 58.8 MB.
System memory in use after: 58.9 MB.

Unloading 5 unused Assets to reduce memory usage. Loaded Objects now: 1592.
Total: 2.194300 ms (FindLiveObjects: 0.230000 ms CreateObjectMapping: 0.098600 ms MarkObjects: 1.802600 ms  DeleteObjects: 0.061200 ms)

========================================================================
Received Prepare
Registering precompiled user dll's ...
Registered in 0.000717 seconds.
Begin MonoManager ReloadAssembly
Native extension for WindowsStandalone target not found
Native extension for WebGL target not found
Refreshing native plugins compatible for Editor in 0.25 ms, found 0 plugins.
Preloading 0 native plugins for Editor in 0.00 ms.
Mono: successfully reloaded assembly
- Completed reload, in  0.801 seconds
Platform modules already initialized, skipping
Refreshing native plugins compatible for Editor in 0.25 ms, found 0 plugins.
Preloading 0 native plugins for Editor in 0.00 ms.
Unloading 1119 Unused Serialized files (Serialized files now loaded: 0)
System memory in use before: 58.8 MB.
System memory in use after: 58.9 MB.

Unloading 5 unused Assets to reduce memory usage. Loaded Objects now: 1595.
Total: 2.177000 ms (FindLiveObjects: 0.259500 ms CreateObjectMapping: 0.069000 ms MarkObjects: 1.785900 ms  DeleteObjects: 0.060700 ms)

========================================================================
Received Prepare
Registering precompiled user dll's ...
Registered in 0.000624 seconds.
Begin MonoManager ReloadAssembly
Native extension for WindowsStandalone target not found
Native extension for WebGL target not found
Refreshing native plugins compatible for Editor in 0.24 ms, found 0 plugins.
Preloading 0 native plugins for Editor in 0.00 ms.
Mono: successfully reloaded assembly
- Completed reload, in  0.790 seconds
Platform modules already initialized, skipping
Refreshing native plugins compatible for Editor in 0.28 ms, found 0 plugins.
Preloading 0 native plugins for Editor in 0.00 ms.
Unloading 1119 Unused Serialized files (Serialized files now loaded: 0)
System memory in use before: 58.8 MB.
System memory in use after: 58.9 MB.

Unloading 5 unused Assets to reduce memory usage. Loaded Objects now: 1598.
Total: 1.946700 ms (FindLiveObjects: 0.176700 ms CreateObjectMapping: 0.081500 ms MarkObjects: 1.631200 ms  DeleteObjects: 0.055700 ms)

========================================================================
Received Prepare
Registering precompiled user dll's ...
Registered in 0.000676 seconds.
Begin MonoManager ReloadAssembly
Native extension for WindowsStandalone target not found
Native extension for WebGL target not found
Refreshing native plugins compatible for Editor in 0.25 ms, found 0 plugins.
Preloading 0 native plugins for Editor in 0.00 ms.
Mono: successfully reloaded assembly
- Completed reload, in  0.782 seconds
Platform modules already initialized, skipping
Refreshing native plugins compatible for Editor in 0.25 ms, found 0 plugins.
Preloading 0 native plugins for Editor in 0.00 ms.
Unloading 1119 Unused Serialized files (Serialized files now loaded: 0)
System memory in use before: 58.8 MB.
System memory in use after: 58.9 MB.

Unloading 5 unused Assets to reduce memory usage. Loaded Objects now: 1601.
Total: 1.920100 ms (FindLiveObjects: 0.180800 ms CreateObjectMapping: 0.076200 ms MarkObjects: 1.608000 ms  DeleteObjects: 0.053600 ms)

========================================================================
Received Prepare
Registering precompiled user dll's ...
Registered in 0.000727 seconds.
Begin MonoManager ReloadAssembly
Native extension for WindowsStandalone target not found
Native extension for WebGL target not found
Refreshing native plugins compatible for Editor in 0.25 ms, found 0 plugins.
Preloading 0 native plugins for Editor in 0.00 ms.
Mono: successfully reloaded assembly
- Completed reload, in  0.848 seconds
Platform modules already initialized, skipping
Refreshing native plugins compatible for Editor in 0.25 ms, found 0 plugins.
Preloading 0 native plugins for Editor in 0.00 ms.
Unloading 1119 Unused Serialized files (Serialized files now loaded: 0)
System memory in use before: 58.8 MB.
System memory in use after: 58.9 MB.

Unloading 5 unused Assets to reduce memory usage. Loaded Objects now: 1604.
Total: 2.131600 ms (FindLiveObjects: 0.195900 ms CreateObjectMapping: 0.111200 ms MarkObjects: 1.760900 ms  DeleteObjects: 0.061500 ms)

========================================================================
Received Prepare
Registering precompiled user dll's ...
Registered in 0.000823 seconds.
Begin MonoManager ReloadAssembly
Native extension for WindowsStandalone target not found
Native extension for WebGL target not found
Refreshing native plugins compatible for Editor in 0.24 ms, found 0 plugins.
Preloading 0 native plugins for Editor in 0.00 ms.
Mono: successfully reloaded assembly
- Completed reload, in  0.773 seconds
Platform modules already initialized, skipping
Refreshing native plugins compatible for Editor in 0.29 ms, found 0 plugins.
Preloading 0 native plugins for Editor in 0.00 ms.
Unloading 1119 Unused Serialized files (Serialized files now loaded: 0)
System memory in use before: 58.8 MB.
System memory in use after: 58.9 MB.

Unloading 5 unused Assets to reduce memory usage. Loaded Objects now: 1607.
Total: 1.998000 ms (FindLiveObjects: 0.147000 ms CreateObjectMapping: 0.089300 ms MarkObjects: 1.710000 ms  DeleteObjects: 0.050800 ms)

========================================================================
Received Prepare
Registering precompiled user dll's ...
Registered in 0.000549 seconds.
Begin MonoManager ReloadAssembly
Native extension for WindowsStandalone target not found
Native extension for WebGL target not found
Refreshing native plugins compatible for Editor in 0.37 ms, found 0 plugins.
Preloading 0 native plugins for Editor in 0.00 ms.
Mono: successfully reloaded assembly
- Completed reload, in  0.842 seconds
Platform modules already initialized, skipping
Refreshing native plugins compatible for Editor in 0.25 ms, found 0 plugins.
Preloading 0 native plugins for Editor in 0.00 ms.
Unloading 1119 Unused Serialized files (Serialized files now loaded: 0)
System memory in use before: 58.8 MB.
System memory in use after: 58.9 MB.

Unloading 5 unused Assets to reduce memory usage. Loaded Objects now: 1610.
Total: 1.997500 ms (FindLiveObjects: 0.140500 ms CreateObjectMapping: 0.038400 ms MarkObjects: 1.747700 ms  DeleteObjects: 0.069600 ms)

========================================================================
Received Import Request.
  Time since last request: 1590.724395 seconds.
  path: Assets/Scripts/LevelSystem.cs
  artifactKey: Guid(f6017bd1f5b19e94895c33eb3bccb283) Importer(815301076,1909f56bfc062723c751e8b465ee728b)
Start importing Assets/Scripts/LevelSystem.cs using Guid(f6017bd1f5b19e94895c33eb3bccb283) Importer(815301076,1909f56bfc062723c751e8b465ee728b)  -> (artifact id: '24cbe1b0fa8f73c2af33de1693f59c5d') in 0.009128 seconds
  Import took 0.011133 seconds .

========================================================================
Received Import Request.
  Time since last request: 0.029480 seconds.
  path: Assets/Scripts/LevelSystem.cs
  artifactKey: Guid(f6017bd1f5b19e94895c33eb3bccb283) Importer(815301076,1909f56bfc062723c751e8b465ee728b)
Start importing Assets/Scripts/LevelSystem.cs using Guid(f6017bd1f5b19e94895c33eb3bccb283) Importer(815301076,1909f56bfc062723c751e8b465ee728b)  -> (artifact id: '24cbe1b0fa8f73c2af33de1693f59c5d') in 0.002211 seconds
  Import took 0.004610 seconds .

========================================================================
Received Import Request.
  Time since last request: 0.582825 seconds.
  path: Assets/Scripts/CrateSpawner.cs
  artifactKey: Guid(b4b96559246558c42873e45bef62b7db) Importer(815301076,1909f56bfc062723c751e8b465ee728b)
Start importing Assets/Scripts/CrateSpawner.cs using Guid(b4b96559246558c42873e45bef62b7db) Importer(815301076,1909f56bfc062723c751e8b465ee728b)  -> (artifact id: 'e288211ea65f6a5eed027902cad4fd6f') in 0.006257 seconds
  Import took 0.008279 seconds .

========================================================================
Received Import Request.
  Time since last request: 0.000533 seconds.
  path: Assets/Scripts/CrateSpawner.cs
  artifactKey: Guid(b4b96559246558c42873e45bef62b7db) Importer(815301076,1909f56bfc062723c751e8b465ee728b)
Start importing Assets/Scripts/CrateSpawner.cs using Guid(b4b96559246558c42873e45bef62b7db) Importer(815301076,1909f56bfc062723c751e8b465ee728b)  -> (artifact id: 'e288211ea65f6a5eed027902cad4fd6f') in 0.002062 seconds
  Import took 0.004440 seconds .

========================================================================
Received Prepare
Registering precompiled user dll's ...
Registered in 0.000641 seconds.
Begin MonoManager ReloadAssembly
Native extension for WindowsStandalone target not found
Native extension for WebGL target not found
Refreshing native plugins compatible for Editor in 0.25 ms, found 0 plugins.
Preloading 0 native plugins for Editor in 0.00 ms.
Mono: successfully reloaded assembly
- Completed reload, in  0.833 seconds
Platform modules already initialized, skipping
Refreshing native plugins compatible for Editor in 0.26 ms, found 0 plugins.
Preloading 0 native plugins for Editor in 0.00 ms.
Unloading 1119 Unused Serialized files (Serialized files now loaded: 0)
System memory in use before: 58.8 MB.
System memory in use after: 58.9 MB.

Unloading 5 unused Assets to reduce memory usage. Loaded Objects now: 1613.
Total: 1.907100 ms (FindLiveObjects: 0.212500 ms CreateObjectMapping: 0.074900 ms MarkObjects: 1.560600 ms  DeleteObjects: 0.057100 ms)

========================================================================
Received Prepare
Registering precompiled user dll's ...
Registered in 0.000641 seconds.
Begin MonoManager ReloadAssembly
Native extension for WindowsStandalone target not found
Native extension for WebGL target not found
Refreshing native plugins compatible for Editor in 0.25 ms, found 0 plugins.
Preloading 0 native plugins for Editor in 0.00 ms.
Mono: successfully reloaded assembly
- Completed reload, in  0.837 seconds
Platform modules already initialized, skipping
Refreshing native plugins compatible for Editor in 0.25 ms, found 0 plugins.
Preloading 0 native plugins for Editor in 0.00 ms.
Unloading 1119 Unused Serialized files (Serialized files now loaded: 0)
System memory in use before: 58.8 MB.
System memory in use after: 58.9 MB.

Unloading 5 unused Assets to reduce memory usage. Loaded Objects now: 1616.
Total: 2.486400 ms (FindLiveObjects: 0.443900 ms CreateObjectMapping: 0.152600 ms MarkObjects: 1.820100 ms  DeleteObjects: 0.068200 ms)

========================================================================
Received Import Request.
  Time since last request: 507.314579 seconds.
  path: Assets/Levels/level_1.unity
  artifactKey: Guid(3a29f04b3982e5c4ca466212334670c2) Importer(815301076,1909f56bfc062723c751e8b465ee728b)
Start importing Assets/Levels/level_1.unity using Guid(3a29f04b3982e5c4ca466212334670c2) Importer(815301076,1909f56bfc062723c751e8b465ee728b)  -> (artifact id: '5f3acd21cf164d343f412fa4401c33a0') in 0.013991 seconds
  Import took 0.016095 seconds .

========================================================================
Received Prepare
Registering precompiled user dll's ...
Registered in 0.000571 seconds.
Begin MonoManager ReloadAssembly
Native extension for WindowsStandalone target not found
Native extension for WebGL target not found
Refreshing native plugins compatible for Editor in 0.36 ms, found 0 plugins.
Preloading 0 native plugins for Editor in 0.00 ms.
Mono: successfully reloaded assembly
- Completed reload, in  0.900 seconds
Platform modules already initialized, skipping
Refreshing native plugins compatible for Editor in 0.25 ms, found 0 plugins.
Preloading 0 native plugins for Editor in 0.00 ms.
Unloading 1119 Unused Serialized files (Serialized files now loaded: 0)
System memory in use before: 58.8 MB.
System memory in use after: 58.9 MB.

Unloading 5 unused Assets to reduce memory usage. Loaded Objects now: 1619.
Total: 1.711700 ms (FindLiveObjects: 0.213500 ms CreateObjectMapping: 0.064400 ms MarkObjects: 1.380000 ms  DeleteObjects: 0.052800 ms)

========================================================================
Received Prepare
Registering precompiled user dll's ...
Registered in 0.000568 seconds.
Begin MonoManager ReloadAssembly
Native extension for WindowsStandalone target not found
Native extension for WebGL target not found
Refreshing native plugins compatible for Editor in 0.24 ms, found 0 plugins.
Preloading 0 native plugins for Editor in 0.00 ms.
Mono: successfully reloaded assembly
- Completed reload, in  0.771 seconds
Platform modules already initialized, skipping
Refreshing native plugins compatible for Editor in 0.24 ms, found 0 plugins.
Preloading 0 native plugins for Editor in 0.00 ms.
Unloading 1119 Unused Serialized files (Serialized files now loaded: 0)
System memory in use before: 58.9 MB.
System memory in use after: 58.9 MB.

Unloading 5 unused Assets to reduce memory usage. Loaded Objects now: 1622.
Total: 1.751000 ms (FindLiveObjects: 0.147300 ms CreateObjectMapping: 0.036500 ms MarkObjects: 1.490400 ms  DeleteObjects: 0.075400 ms)

========================================================================
Received Import Request.
  Time since last request: 164.244877 seconds.
  path: Assets/Levels/level_1 1.unity
  artifactKey: Guid(1e5c01f5603012a498051349368ab3aa) Importer(815301076,1909f56bfc062723c751e8b465ee728b)
Start importing Assets/Levels/level_1 1.unity using Guid(1e5c01f5603012a498051349368ab3aa) Importer(815301076,1909f56bfc062723c751e8b465ee728b)  -> (artifact id: 'a20d08b0ac6ae6b283870f81b4cc2510') in 0.016062 seconds
  Import took 0.018116 seconds .

========================================================================
Received Import Request.
  Time since last request: 2.148589 seconds.
  path: Assets/Levels/level_2.unity
  artifactKey: Guid(1e5c01f5603012a498051349368ab3aa) Importer(815301076,1909f56bfc062723c751e8b465ee728b)
Start importing Assets/Levels/level_2.unity using Guid(1e5c01f5603012a498051349368ab3aa) Importer(815301076,1909f56bfc062723c751e8b465ee728b)  -> (artifact id: '6f046b7f2d1c28eae8d2560b11a34e8f') in 0.002951 seconds
  Import took 0.005329 seconds .

========================================================================
Received Prepare
Registering precompiled user dll's ...
Registered in 0.000948 seconds.
Begin MonoManager ReloadAssembly
Native extension for WindowsStandalone target not found
Native extension for WebGL target not found
Refreshing native plugins compatible for Editor in 0.26 ms, found 0 plugins.
Preloading 0 native plugins for Editor in 0.00 ms.
Mono: successfully reloaded assembly
- Completed reload, in  0.836 seconds
Platform modules already initialized, skipping
Refreshing native plugins compatible for Editor in 0.27 ms, found 0 plugins.
Preloading 0 native plugins for Editor in 0.00 ms.
Unloading 1119 Unused Serialized files (Serialized files now loaded: 0)
System memory in use before: 58.9 MB.
System memory in use after: 58.9 MB.

Unloading 5 unused Assets to reduce memory usage. Loaded Objects now: 1625.
Total: 1.826400 ms (FindLiveObjects: 0.203500 ms CreateObjectMapping: 0.041700 ms MarkObjects: 1.519000 ms  DeleteObjects: 0.060000 ms)

========================================================================
Received Import Request.
  Time since last request: 37.962274 seconds.
  path: Assets/Levels/level_1.unity
  artifactKey: Guid(3a29f04b3982e5c4ca466212334670c2) Importer(815301076,1909f56bfc062723c751e8b465ee728b)
Start importing Assets/Levels/level_1.unity using Guid(3a29f04b3982e5c4ca466212334670c2) Importer(815301076,1909f56bfc062723c751e8b465ee728b)  -> (artifact id: '81fd2fa144d41fd8d83bc41c3009d781') in 0.012344 seconds
  Import took 0.014423 seconds .

========================================================================
Received Import Request.
  Time since last request: 1.780237 seconds.
  path: Assets/Levels/level_1.unity
  artifactKey: Guid(3a29f04b3982e5c4ca466212334670c2) Importer(815301076,1909f56bfc062723c751e8b465ee728b)
Start importing Assets/Levels/level_1.unity using Guid(3a29f04b3982e5c4ca466212334670c2) Importer(815301076,1909f56bfc062723c751e8b465ee728b)  -> (artifact id: '81fd2fa144d41fd8d83bc41c3009d781') in 0.002283 seconds
  Import took 0.004530 seconds .

========================================================================
Received Prepare
Registering precompiled user dll's ...
Registered in 0.000627 seconds.
Begin MonoManager ReloadAssembly
Native extension for WindowsStandalone target not found
Native extension for WebGL target not found
Refreshing native plugins compatible for Editor in 0.25 ms, found 0 plugins.
Preloading 0 native plugins for Editor in 0.00 ms.
Mono: successfully reloaded assembly
- Completed reload, in  0.863 seconds
Platform modules already initialized, skipping
Refreshing native plugins compatible for Editor in 0.27 ms, found 0 plugins.
Preloading 0 native plugins for Editor in 0.00 ms.
Unloading 1119 Unused Serialized files (Serialized files now loaded: 0)
System memory in use before: 58.9 MB.
System memory in use after: 59.0 MB.

Unloading 5 unused Assets to reduce memory usage. Loaded Objects now: 1628.
Total: 1.560100 ms (FindLiveObjects: 0.128700 ms CreateObjectMapping: 0.035100 ms MarkObjects: 1.343500 ms  DeleteObjects: 0.051600 ms)

========================================================================
Received Prepare
Registering precompiled user dll's ...
Registered in 0.000619 seconds.
Begin MonoManager ReloadAssembly
Native extension for WindowsStandalone target not found
Native extension for WebGL target not found
Refreshing native plugins compatible for Editor in 0.25 ms, found 0 plugins.
Preloading 0 native plugins for Editor in 0.00 ms.
Mono: successfully reloaded assembly
- Completed reload, in  0.810 seconds
Platform modules already initialized, skipping
Refreshing native plugins compatible for Editor in 0.25 ms, found 0 plugins.
Preloading 0 native plugins for Editor in 0.00 ms.
Unloading 1119 Unused Serialized files (Serialized files now loaded: 0)
System memory in use before: 58.9 MB.
System memory in use after: 59.0 MB.

Unloading 5 unused Assets to reduce memory usage. Loaded Objects now: 1631.
Total: 2.813000 ms (FindLiveObjects: 0.177500 ms CreateObjectMapping: 0.077400 ms MarkObjects: 2.503200 ms  DeleteObjects: 0.053500 ms)

========================================================================
Received Prepare
Registering precompiled user dll's ...
Registered in 0.000644 seconds.
Begin MonoManager ReloadAssembly
Native extension for WindowsStandalone target not found
Native extension for WebGL target not found
Refreshing native plugins compatible for Editor in 0.24 ms, found 0 plugins.
Preloading 0 native plugins for Editor in 0.00 ms.
Mono: successfully reloaded assembly
- Completed reload, in  0.788 seconds
Platform modules already initialized, skipping
Refreshing native plugins compatible for Editor in 0.25 ms, found 0 plugins.
Preloading 0 native plugins for Editor in 0.00 ms.
Unloading 1119 Unused Serialized files (Serialized files now loaded: 0)
System memory in use before: 58.9 MB.
System memory in use after: 59.0 MB.

Unloading 5 unused Assets to reduce memory usage. Loaded Objects now: 1634.
Total: 1.826400 ms (FindLiveObjects: 0.127800 ms CreateObjectMapping: 0.036200 ms MarkObjects: 1.596100 ms  DeleteObjects: 0.065300 ms)

========================================================================
Received Import Request.
  Time since last request: 234.271436 seconds.
  path: Assets/Levels/level_1.unity
  artifactKey: Guid(3a29f04b3982e5c4ca466212334670c2) Importer(815301076,1909f56bfc062723c751e8b465ee728b)
Start importing Assets/Levels/level_1.unity using Guid(3a29f04b3982e5c4ca466212334670c2) Importer(815301076,1909f56bfc062723c751e8b465ee728b)  -> (artifact id: '5e520df0c467614c88a666feed5766c8') in 0.013926 seconds
  Import took 0.016235 seconds .

========================================================================
Received Import Request.
  Time since last request: 0.435370 seconds.
  path: Assets/Levels/level_1 1.unity
  artifactKey: Guid(00fa60e855e32134b9dccfed7e2f9223) Importer(815301076,1909f56bfc062723c751e8b465ee728b)
Start importing Assets/Levels/level_1 1.unity using Guid(00fa60e855e32134b9dccfed7e2f9223) Importer(815301076,1909f56bfc062723c751e8b465ee728b)  -> (artifact id: 'ba9eceb70e560e2eae87b730b245c4cb') in 0.002918 seconds
  Import took 0.005410 seconds .

========================================================================
Received Import Request.
  Time since last request: 2.686109 seconds.
  path: Assets/Levels/level_2.unity
  artifactKey: Guid(00fa60e855e32134b9dccfed7e2f9223) Importer(815301076,1909f56bfc062723c751e8b465ee728b)
Start importing Assets/Levels/level_2.unity using Guid(00fa60e855e32134b9dccfed7e2f9223) Importer(815301076,1909f56bfc062723c751e8b465ee728b)  -> (artifact id: '184009e3b6da18f5447225fe066dd254') in 0.002826 seconds
  Import took 0.005562 seconds .

========================================================================
Received Import Request.
  Time since last request: 1.619969 seconds.
  path: Assets/Levels/level_2 1.unity
  artifactKey: Guid(b5d5288bb16bc4144b90495b8170b860) Importer(815301076,1909f56bfc062723c751e8b465ee728b)
Start importing Assets/Levels/level_2 1.unity using Guid(b5d5288bb16bc4144b90495b8170b860) Importer(815301076,1909f56bfc062723c751e8b465ee728b)  -> (artifact id: 'a2977f744f0d1af076993b4cc798d665') in 0.007134 seconds
  Import took 0.010046 seconds .

========================================================================
Received Import Request.
  Time since last request: 2.760935 seconds.
  path: Assets/Levels/level_3.unity
  artifactKey: Guid(b5d5288bb16bc4144b90495b8170b860) Importer(815301076,1909f56bfc062723c751e8b465ee728b)
Start importing Assets/Levels/level_3.unity using Guid(b5d5288bb16bc4144b90495b8170b860) Importer(815301076,1909f56bfc062723c751e8b465ee728b)  -> (artifact id: '427b04cbcef34033dac2b922fbe41eb8') in 0.007735 seconds
  Import took 0.010460 seconds .

========================================================================
Received Prepare
Registering precompiled user dll's ...
Registered in 0.000615 seconds.
Begin MonoManager ReloadAssembly
Native extension for WindowsStandalone target not found
Native extension for WebGL target not found
Refreshing native plugins compatible for Editor in 0.25 ms, found 0 plugins.
Preloading 0 native plugins for Editor in 0.00 ms.
Mono: successfully reloaded assembly
- Completed reload, in  0.823 seconds
Platform modules already initialized, skipping
Refreshing native plugins compatible for Editor in 0.25 ms, found 0 plugins.
Preloading 0 native plugins for Editor in 0.00 ms.
Unloading 1119 Unused Serialized files (Serialized files now loaded: 0)
System memory in use before: 58.9 MB.
System memory in use after: 59.0 MB.

Unloading 5 unused Assets to reduce memory usage. Loaded Objects now: 1637.
Total: 2.118000 ms (FindLiveObjects: 0.183000 ms CreateObjectMapping: 0.075000 ms MarkObjects: 1.798400 ms  DeleteObjects: 0.059400 ms)

========================================================================
Received Prepare
Registering precompiled user dll's ...
Registered in 0.000611 seconds.
Begin MonoManager ReloadAssembly
Native extension for WindowsStandalone target not found
Native extension for WebGL target not found
Refreshing native plugins compatible for Editor in 0.29 ms, found 0 plugins.
Preloading 0 native plugins for Editor in 0.00 ms.
Mono: successfully reloaded assembly
- Completed reload, in  0.847 seconds
Platform modules already initialized, skipping
Refreshing native plugins compatible for Editor in 0.27 ms, found 0 plugins.
Preloading 0 native plugins for Editor in 0.00 ms.
Unloading 1119 Unused Serialized files (Serialized files now loaded: 0)
System memory in use before: 58.9 MB.
System memory in use after: 59.0 MB.

Unloading 5 unused Assets to reduce memory usage. Loaded Objects now: 1640.
Total: 2.181700 ms (FindLiveObjects: 0.179100 ms CreateObjectMapping: 0.074900 ms MarkObjects: 1.866200 ms  DeleteObjects: 0.059500 ms)

========================================================================
Received Prepare
Registering precompiled user dll's ...
Registered in 0.000646 seconds.
Begin MonoManager ReloadAssembly
Native extension for WindowsStandalone target not found
Native extension for WebGL target not found
Refreshing native plugins compatible for Editor in 0.26 ms, found 0 plugins.
Preloading 0 native plugins for Editor in 0.00 ms.
Mono: successfully reloaded assembly
- Completed reload, in  0.894 seconds
Platform modules already initialized, skipping
Refreshing native plugins compatible for Editor in 0.25 ms, found 0 plugins.
Preloading 0 native plugins for Editor in 0.00 ms.
Unloading 1119 Unused Serialized files (Serialized files now loaded: 0)
System memory in use before: 58.9 MB.
System memory in use after: 59.0 MB.

Unloading 5 unused Assets to reduce memory usage. Loaded Objects now: 1643.
Total: 2.023600 ms (FindLiveObjects: 0.197200 ms CreateObjectMapping: 0.043300 ms MarkObjects: 1.720800 ms  DeleteObjects: 0.060500 ms)

========================================================================
Received Prepare
Registering precompiled user dll's ...
Registered in 0.000629 seconds.
Begin MonoManager ReloadAssembly
Native extension for WindowsStandalone target not found
Native extension for WebGL target not found
Refreshing native plugins compatible for Editor in 0.24 ms, found 0 plugins.
Preloading 0 native plugins for Editor in 0.00 ms.
Mono: successfully reloaded assembly
- Completed reload, in  0.817 seconds
Platform modules already initialized, skipping
Refreshing native plugins compatible for Editor in 0.38 ms, found 0 plugins.
Preloading 0 native plugins for Editor in 0.00 ms.
Unloading 1119 Unused Serialized files (Serialized files now loaded: 0)
System memory in use before: 58.9 MB.
System memory in use after: 59.0 MB.

Unloading 5 unused Assets to reduce memory usage. Loaded Objects now: 1646.
Total: 2.018400 ms (FindLiveObjects: 0.225100 ms CreateObjectMapping: 0.052800 ms MarkObjects: 1.679400 ms  DeleteObjects: 0.059800 ms)

========================================================================
Received Prepare
Registering precompiled user dll's ...
Registered in 0.000634 seconds.
Begin MonoManager ReloadAssembly
Native extension for WindowsStandalone target not found
Native extension for WebGL target not found
Refreshing native plugins compatible for Editor in 0.25 ms, found 0 plugins.
Preloading 0 native plugins for Editor in 0.00 ms.
Mono: successfully reloaded assembly
- Completed reload, in  0.764 seconds
Platform modules already initialized, skipping
Refreshing native plugins compatible for Editor in 0.25 ms, found 0 plugins.
Preloading 0 native plugins for Editor in 0.00 ms.
Unloading 1119 Unused Serialized files (Serialized files now loaded: 0)
System memory in use before: 58.9 MB.
System memory in use after: 59.0 MB.

Unloading 5 unused Assets to reduce memory usage. Loaded Objects now: 1649.
Total: 1.910300 ms (FindLiveObjects: 0.173500 ms CreateObjectMapping: 0.075000 ms MarkObjects: 1.607800 ms  DeleteObjects: 0.053000 ms)

========================================================================
Received Prepare
Registering precompiled user dll's ...
Registered in 0.000551 seconds.
Begin MonoManager ReloadAssembly
Native extension for WindowsStandalone target not found
Native extension for WebGL target not found
Refreshing native plugins compatible for Editor in 0.24 ms, found 0 plugins.
Preloading 0 native plugins for Editor in 0.00 ms.
Mono: successfully reloaded assembly
- Completed reload, in  0.811 seconds
Platform modules already initialized, skipping
Refreshing native plugins compatible for Editor in 0.25 ms, found 0 plugins.
Preloading 0 native plugins for Editor in 0.00 ms.
Unloading 1119 Unused Serialized files (Serialized files now loaded: 0)
System memory in use before: 58.9 MB.
System memory in use after: 59.0 MB.

Unloading 5 unused Assets to reduce memory usage. Loaded Objects now: 1652.
Total: 3.232000 ms (FindLiveObjects: 0.289200 ms CreateObjectMapping: 0.051900 ms MarkObjects: 2.820400 ms  DeleteObjects: 0.068800 ms)

========================================================================
Received Prepare
Registering precompiled user dll's ...
Registered in 0.000929 seconds.
Begin MonoManager ReloadAssembly
Native extension for WindowsStandalone target not found
Native extension for WebGL target not found
Refreshing native plugins compatible for Editor in 0.29 ms, found 0 plugins.
Preloading 0 native plugins for Editor in 0.00 ms.
Mono: successfully reloaded assembly
- Completed reload, in  0.807 seconds
Platform modules already initialized, skipping
Refreshing native plugins compatible for Editor in 0.24 ms, found 0 plugins.
Preloading 0 native plugins for Editor in 0.00 ms.
Unloading 1119 Unused Serialized files (Serialized files now loaded: 0)
System memory in use before: 59.0 MB.
System memory in use after: 59.0 MB.

Unloading 5 unused Assets to reduce memory usage. Loaded Objects now: 1655.
Total: 2.022600 ms (FindLiveObjects: 0.299300 ms CreateObjectMapping: 0.141100 ms MarkObjects: 1.514800 ms  DeleteObjects: 0.065300 ms)

========================================================================
Received Import Request.
  Time since last request: 4811.674144 seconds.
  path: Assets/Levels/level_1.unity
  artifactKey: Guid(3a29f04b3982e5c4ca466212334670c2) Importer(815301076,1909f56bfc062723c751e8b465ee728b)
Start importing Assets/Levels/level_1.unity using Guid(3a29f04b3982e5c4ca466212334670c2) Importer(815301076,1909f56bfc062723c751e8b465ee728b)  -> (artifact id: 'c5ce7f5a46ab0f4aaee5ee129b7a5753') in 0.014091 seconds
  Import took 0.016995 seconds .

========================================================================
Received Import Request.
  Time since last request: 0.737849 seconds.
  path: Assets/Levels/level_1 1.unity
  artifactKey: Guid(7b74acca8dc6bb146b9625729dff8b1f) Importer(815301076,1909f56bfc062723c751e8b465ee728b)
Start importing Assets/Levels/level_1 1.unity using Guid(7b74acca8dc6bb146b9625729dff8b1f) Importer(815301076,1909f56bfc062723c751e8b465ee728b)  -> (artifact id: '9723906da9d9811079525454bee010c1') in 0.008922 seconds
  Import took 0.011454 seconds .

========================================================================
Received Import Request.
  Time since last request: 0.305747 seconds.
  path: Assets/Levels/level_1 2.unity
  artifactKey: Guid(6a00db767ae6c334d9212e569f515644) Importer(815301076,1909f56bfc062723c751e8b465ee728b)
Start importing Assets/Levels/level_1 2.unity using Guid(6a00db767ae6c334d9212e569f515644) Importer(815301076,1909f56bfc062723c751e8b465ee728b)  -> (artifact id: 'ac1eeeb1ced642828329a2ca9ac0f652') in 0.007217 seconds
  Import took 0.009400 seconds .

========================================================================
Received Import Request.
  Time since last request: 3.637011 seconds.
  path: Assets/Levels/level_2.unity
  artifactKey: Guid(6a00db767ae6c334d9212e569f515644) Importer(815301076,1909f56bfc062723c751e8b465ee728b)
Start importing Assets/Levels/level_2.unity using Guid(6a00db767ae6c334d9212e569f515644) Importer(815301076,1909f56bfc062723c751e8b465ee728b)  -> (artifact id: '9f40beb584ae6c04cd96fc5bdd10ab76') in 0.002306 seconds
  Import took 0.004586 seconds .

========================================================================
Received Import Request.
  Time since last request: 3.741288 seconds.
  path: Assets/Levels/level_3.unity
  artifactKey: Guid(7b74acca8dc6bb146b9625729dff8b1f) Importer(815301076,1909f56bfc062723c751e8b465ee728b)
Start importing Assets/Levels/level_3.unity using Guid(7b74acca8dc6bb146b9625729dff8b1f) Importer(815301076,1909f56bfc062723c751e8b465ee728b)  -> (artifact id: '072db3e5019d948683ac502eb5b7765b') in 0.008049 seconds
  Import took 0.010728 seconds .

========================================================================
Received Prepare
Registering precompiled user dll's ...
Registered in 0.000725 seconds.
Begin MonoManager ReloadAssembly
Native extension for WindowsStandalone target not found
Native extension for WebGL target not found
Refreshing native plugins compatible for Editor in 0.26 ms, found 0 plugins.
Preloading 0 native plugins for Editor in 0.00 ms.
Mono: successfully reloaded assembly
- Completed reload, in  0.807 seconds
Platform modules already initialized, skipping
Refreshing native plugins compatible for Editor in 0.24 ms, found 0 plugins.
Preloading 0 native plugins for Editor in 0.00 ms.
Unloading 1119 Unused Serialized files (Serialized files now loaded: 0)
System memory in use before: 59.0 MB.
System memory in use after: 59.1 MB.

Unloading 5 unused Assets to reduce memory usage. Loaded Objects now: 1658.
Total: 1.974400 ms (FindLiveObjects: 0.154700 ms CreateObjectMapping: 0.065700 ms MarkObjects: 1.698100 ms  DeleteObjects: 0.054800 ms)

========================================================================
Received Prepare
Registering precompiled user dll's ...
Registered in 0.000612 seconds.
Begin MonoManager ReloadAssembly
Native extension for WindowsStandalone target not found
Native extension for WebGL target not found
Refreshing native plugins compatible for Editor in 0.26 ms, found 0 plugins.
Preloading 0 native plugins for Editor in 0.00 ms.
Mono: successfully reloaded assembly
- Completed reload, in  0.795 seconds
Platform modules already initialized, skipping
Refreshing native plugins compatible for Editor in 0.24 ms, found 0 plugins.
Preloading 0 native plugins for Editor in 0.00 ms.
Unloading 1119 Unused Serialized files (Serialized files now loaded: 0)
System memory in use before: 59.0 MB.
System memory in use after: 59.1 MB.

Unloading 5 unused Assets to reduce memory usage. Loaded Objects now: 1661.
Total: 2.197600 ms (FindLiveObjects: 0.328500 ms CreateObjectMapping: 0.137300 ms MarkObjects: 1.667100 ms  DeleteObjects: 0.062800 ms)

========================================================================
Received Import Request.
  Time since last request: 569.556948 seconds.
  path: Assets/Levels/level_1.unity
  artifactKey: Guid(3a29f04b3982e5c4ca466212334670c2) Importer(815301076,1909f56bfc062723c751e8b465ee728b)
Start importing Assets/Levels/level_1.unity using Guid(3a29f04b3982e5c4ca466212334670c2) Importer(815301076,1909f56bfc062723c751e8b465ee728b)  -> (artifact id: '5e8876c5f80e7eea0249fd4e682189a4') in 0.011563 seconds
  Import took 0.014126 seconds .

========================================================================
Received Prepare
Registering precompiled user dll's ...
Registered in 0.000784 seconds.
Begin MonoManager ReloadAssembly
Native extension for WindowsStandalone target not found
Native extension for WebGL target not found
Refreshing native plugins compatible for Editor in 0.25 ms, found 0 plugins.
Preloading 0 native plugins for Editor in 0.00 ms.
Mono: successfully reloaded assembly
- Completed reload, in  0.784 seconds
Platform modules already initialized, skipping
Refreshing native plugins compatible for Editor in 0.26 ms, found 0 plugins.
Preloading 0 native plugins for Editor in 0.00 ms.
Unloading 1119 Unused Serialized files (Serialized files now loaded: 0)
System memory in use before: 59.0 MB.
System memory in use after: 59.1 MB.

Unloading 5 unused Assets to reduce memory usage. Loaded Objects now: 1664.
Total: 2.107300 ms (FindLiveObjects: 0.193500 ms CreateObjectMapping: 0.108100 ms MarkObjects: 1.748300 ms  DeleteObjects: 0.056000 ms)

========================================================================
Received Import Request.
  Time since last request: 86.391121 seconds.
  path: Assets/Levels/level_1 1.unity
  artifactKey: Guid(f6a8986ec96316e4cbc3535f4cb5c142) Importer(815301076,1909f56bfc062723c751e8b465ee728b)
Start importing Assets/Levels/level_1 1.unity using Guid(f6a8986ec96316e4cbc3535f4cb5c142) Importer(815301076,1909f56bfc062723c751e8b465ee728b)  -> (artifact id: 'cfd832f162d93fceed9180d9612883ba') in 0.014469 seconds
  Import took 0.017067 seconds .

========================================================================
Received Import Request.
  Time since last request: 0.288552 seconds.
  path: Assets/Levels/level_1 2.unity
  artifactKey: Guid(729cd6de02d2378498cb2d177f707136) Importer(815301076,1909f56bfc062723c751e8b465ee728b)
Start importing Assets/Levels/level_1 2.unity using Guid(729cd6de02d2378498cb2d177f707136) Importer(815301076,1909f56bfc062723c751e8b465ee728b)  -> (artifact id: '41eef03c8f12b753d5f92bfaba70414f') in 0.002175 seconds
  Import took 0.004516 seconds .

========================================================================
Received Import Request.
  Time since last request: 2.877107 seconds.
  path: Assets/Levels/level_3.unity
  artifactKey: Guid(729cd6de02d2378498cb2d177f707136) Importer(815301076,1909f56bfc062723c751e8b465ee728b)
Start importing Assets/Levels/level_3.unity using Guid(729cd6de02d2378498cb2d177f707136) Importer(815301076,1909f56bfc062723c751e8b465ee728b)  -> (artifact id: '3aacf3fa3fdb31750b8075a4786a59f6') in 0.002608 seconds
  Import took 0.005020 seconds .

========================================================================
Received Import Request.
  Time since last request: 2.671311 seconds.
  path: Assets/Levels/level_2.unity
  artifactKey: Guid(f6a8986ec96316e4cbc3535f4cb5c142) Importer(815301076,1909f56bfc062723c751e8b465ee728b)
Start importing Assets/Levels/level_2.unity using Guid(f6a8986ec96316e4cbc3535f4cb5c142) Importer(815301076,1909f56bfc062723c751e8b465ee728b)  -> (artifact id: '43a79f2937e659728af5334c73444098') in 0.008779 seconds
  Import took 0.011235 seconds .

========================================================================
Received Prepare
Registering precompiled user dll's ...
Registered in 0.000636 seconds.
Begin MonoManager ReloadAssembly
Native extension for WindowsStandalone target not found
Native extension for WebGL target not found
Refreshing native plugins compatible for Editor in 0.25 ms, found 0 plugins.
Preloading 0 native plugins for Editor in 0.00 ms.
Mono: successfully reloaded assembly
- Completed reload, in  0.796 seconds
Platform modules already initialized, skipping
Refreshing native plugins compatible for Editor in 0.25 ms, found 0 plugins.
Preloading 0 native plugins for Editor in 0.00 ms.
Unloading 1119 Unused Serialized files (Serialized files now loaded: 0)
System memory in use before: 59.1 MB.
System memory in use after: 59.2 MB.

Unloading 5 unused Assets to reduce memory usage. Loaded Objects now: 1667.
Total: 1.907200 ms (FindLiveObjects: 0.162900 ms CreateObjectMapping: 0.035600 ms MarkObjects: 1.658800 ms  DeleteObjects: 0.049100 ms)

========================================================================
Received Prepare
Registering precompiled user dll's ...
Registered in 0.000571 seconds.
Begin MonoManager ReloadAssembly
Native extension for WindowsStandalone target not found
Native extension for WebGL target not found
Refreshing native plugins compatible for Editor in 0.25 ms, found 0 plugins.
Preloading 0 native plugins for Editor in 0.00 ms.
Mono: successfully reloaded assembly
- Completed reload, in  0.817 seconds
Platform modules already initialized, skipping
Refreshing native plugins compatible for Editor in 0.26 ms, found 0 plugins.
Preloading 0 native plugins for Editor in 0.00 ms.
Unloading 1119 Unused Serialized files (Serialized files now loaded: 0)
System memory in use before: 59.1 MB.
System memory in use after: 59.2 MB.

Unloading 5 unused Assets to reduce memory usage. Loaded Objects now: 1670.
Total: 1.950200 ms (FindLiveObjects: 0.154700 ms CreateObjectMapping: 0.037000 ms MarkObjects: 1.699800 ms  DeleteObjects: 0.057100 ms)

========================================================================
Received Import Request.
  Time since last request: 404.833487 seconds.
  path: Assets/Scripts/LevelDiffuculty.cs
  artifactKey: Guid(d2190848e19028045beedfee8a968816) Importer(815301076,1909f56bfc062723c751e8b465ee728b)
Start importing Assets/Scripts/LevelDiffuculty.cs using Guid(d2190848e19028045beedfee8a968816) Importer(815301076,1909f56bfc062723c751e8b465ee728b)  -> (artifact id: '59cc6c518401e26d407a169f788f2846') in 0.009696 seconds
  Import took 0.012056 seconds .

========================================================================
Received Prepare
Registering precompiled user dll's ...
Registered in 0.000731 seconds.
Begin MonoManager ReloadAssembly
Native extension for WindowsStandalone target not found
Native extension for WebGL target not found
Refreshing native plugins compatible for Editor in 0.24 ms, found 0 plugins.
Preloading 0 native plugins for Editor in 0.00 ms.
Mono: successfully reloaded assembly
- Completed reload, in  0.909 seconds
Platform modules already initialized, skipping
Refreshing native plugins compatible for Editor in 0.27 ms, found 0 plugins.
Preloading 0 native plugins for Editor in 0.00 ms.
Unloading 1120 Unused Serialized files (Serialized files now loaded: 0)
System memory in use before: 59.1 MB.
System memory in use after: 59.2 MB.

Unloading 5 unused Assets to reduce memory usage. Loaded Objects now: 1674.
Total: 1.854700 ms (FindLiveObjects: 0.160900 ms CreateObjectMapping: 0.042800 ms MarkObjects: 1.594600 ms  DeleteObjects: 0.054800 ms)

========================================================================
Received Import Request.
  Time since last request: 35.039582 seconds.
  path: Assets/Scripts/CrateSpawner.cs
  artifactKey: Guid(b4b96559246558c42873e45bef62b7db) Importer(815301076,1909f56bfc062723c751e8b465ee728b)
Start importing Assets/Scripts/CrateSpawner.cs using Guid(b4b96559246558c42873e45bef62b7db) Importer(815301076,1909f56bfc062723c751e8b465ee728b)  -> (artifact id: '14bf5119e248951cbbad77c278389d95') in 0.009417 seconds
  Import took 0.011660 seconds .

========================================================================
Received Import Request.
  Time since last request: 0.029921 seconds.
  path: Assets/Scripts/CrateSpawner.cs
  artifactKey: Guid(b4b96559246558c42873e45bef62b7db) Importer(815301076,1909f56bfc062723c751e8b465ee728b)
Start importing Assets/Scripts/CrateSpawner.cs using Guid(b4b96559246558c42873e45bef62b7db) Importer(815301076,1909f56bfc062723c751e8b465ee728b)  -> (artifact id: '14bf5119e248951cbbad77c278389d95') in 0.002280 seconds
  Import took 0.004477 seconds .

========================================================================
Received Prepare
Registering precompiled user dll's ...
Registered in 0.000681 seconds.
Begin MonoManager ReloadAssembly
Native extension for WindowsStandalone target not found
Native extension for WebGL target not found
Refreshing native plugins compatible for Editor in 0.39 ms, found 0 plugins.
Preloading 0 native plugins for Editor in 0.00 ms.
Mono: successfully reloaded assembly
- Completed reload, in  0.843 seconds
Platform modules already initialized, skipping
Refreshing native plugins compatible for Editor in 0.24 ms, found 0 plugins.
Preloading 0 native plugins for Editor in 0.00 ms.
Unloading 1120 Unused Serialized files (Serialized files now loaded: 0)
System memory in use before: 59.1 MB.
System memory in use after: 59.2 MB.

Unloading 5 unused Assets to reduce memory usage. Loaded Objects now: 1677.
Total: 2.038900 ms (FindLiveObjects: 0.144900 ms CreateObjectMapping: 0.036600 ms MarkObjects: 1.799600 ms  DeleteObjects: 0.056300 ms)

========================================================================
Received Prepare
Registering precompiled user dll's ...
Registered in 0.000624 seconds.
Begin MonoManager ReloadAssembly
Native extension for WindowsStandalone target not found
Native extension for WebGL target not found
Refreshing native plugins compatible for Editor in 0.25 ms, found 0 plugins.
Preloading 0 native plugins for Editor in 0.00 ms.
Mono: successfully reloaded assembly
- Completed reload, in  0.821 seconds
Platform modules already initialized, skipping
Refreshing native plugins compatible for Editor in 0.27 ms, found 0 plugins.
Preloading 0 native plugins for Editor in 0.00 ms.
Unloading 1120 Unused Serialized files (Serialized files now loaded: 0)
System memory in use before: 59.1 MB.
System memory in use after: 59.2 MB.

Unloading 5 unused Assets to reduce memory usage. Loaded Objects now: 1680.
Total: 1.995100 ms (FindLiveObjects: 0.201500 ms CreateObjectMapping: 0.078800 ms MarkObjects: 1.654800 ms  DeleteObjects: 0.058300 ms)

========================================================================
Received Prepare
Registering precompiled user dll's ...
Registered in 0.000634 seconds.
Begin MonoManager ReloadAssembly
Native extension for WindowsStandalone target not found
Native extension for WebGL target not found
Refreshing native plugins compatible for Editor in 0.24 ms, found 0 plugins.
Preloading 0 native plugins for Editor in 0.00 ms.
Mono: successfully reloaded assembly
- Completed reload, in  0.801 seconds
Platform modules already initialized, skipping
Refreshing native plugins compatible for Editor in 0.24 ms, found 0 plugins.
Preloading 0 native plugins for Editor in 0.00 ms.
Unloading 1120 Unused Serialized files (Serialized files now loaded: 0)
System memory in use before: 59.1 MB.
System memory in use after: 59.2 MB.

Unloading 5 unused Assets to reduce memory usage. Loaded Objects now: 1683.
Total: 2.545100 ms (FindLiveObjects: 0.172500 ms CreateObjectMapping: 0.077000 ms MarkObjects: 2.223600 ms  DeleteObjects: 0.070500 ms)

========================================================================
Received Prepare
Registering precompiled user dll's ...
Registered in 0.000722 seconds.
Begin MonoManager ReloadAssembly
Native extension for WindowsStandalone target not found
Native extension for WebGL target not found
Refreshing native plugins compatible for Editor in 0.36 ms, found 0 plugins.
Preloading 0 native plugins for Editor in 0.00 ms.
Mono: successfully reloaded assembly
- Completed reload, in  0.847 seconds
Platform modules already initialized, skipping
Refreshing native plugins compatible for Editor in 0.28 ms, found 0 plugins.
Preloading 0 native plugins for Editor in 0.00 ms.
Unloading 1120 Unused Serialized files (Serialized files now loaded: 0)
System memory in use before: 59.1 MB.
System memory in use after: 59.2 MB.

Unloading 5 unused Assets to reduce memory usage. Loaded Objects now: 1686.
Total: 2.059300 ms (FindLiveObjects: 0.184000 ms CreateObjectMapping: 0.038000 ms MarkObjects: 1.771500 ms  DeleteObjects: 0.064000 ms)

========================================================================
Received Prepare
Registering precompiled user dll's ...
Registered in 0.000701 seconds.
Begin MonoManager ReloadAssembly
Native extension for WindowsStandalone target not found
Native extension for WebGL target not found
Refreshing native plugins compatible for Editor in 0.27 ms, found 0 plugins.
Preloading 0 native plugins for Editor in 0.00 ms.
Mono: successfully reloaded assembly
- Completed reload, in  0.783 seconds
Platform modules already initialized, skipping
Refreshing native plugins compatible for Editor in 0.25 ms, found 0 plugins.
Preloading 0 native plugins for Editor in 0.00 ms.
Unloading 1120 Unused Serialized files (Serialized files now loaded: 0)
System memory in use before: 59.1 MB.
System memory in use after: 59.2 MB.

Unloading 5 unused Assets to reduce memory usage. Loaded Objects now: 1689.
Total: 2.081200 ms (FindLiveObjects: 0.163100 ms CreateObjectMapping: 0.038600 ms MarkObjects: 1.811400 ms  DeleteObjects: 0.067100 ms)

========================================================================
Received Prepare
Registering precompiled user dll's ...
Registered in 0.000577 seconds.
Begin MonoManager ReloadAssembly
Native extension for WindowsStandalone target not found
Native extension for WebGL target not found
Refreshing native plugins compatible for Editor in 0.24 ms, found 0 plugins.
Preloading 0 native plugins for Editor in 0.00 ms.
Mono: successfully reloaded assembly
- Completed reload, in  0.801 seconds
Platform modules already initialized, skipping
Refreshing native plugins compatible for Editor in 0.28 ms, found 0 plugins.
Preloading 0 native plugins for Editor in 0.00 ms.
Unloading 1120 Unused Serialized files (Serialized files now loaded: 0)
System memory in use before: 59.1 MB.
System memory in use after: 59.2 MB.

Unloading 5 unused Assets to reduce memory usage. Loaded Objects now: 1692.
Total: 2.104200 ms (FindLiveObjects: 0.207800 ms CreateObjectMapping: 0.091400 ms MarkObjects: 1.742700 ms  DeleteObjects: 0.060300 ms)

========================================================================
Received Prepare
Registering precompiled user dll's ...
Registered in 0.000639 seconds.
Begin MonoManager ReloadAssembly
Native extension for WindowsStandalone target not found
Native extension for WebGL target not found
Refreshing native plugins compatible for Editor in 0.25 ms, found 0 plugins.
Preloading 0 native plugins for Editor in 0.00 ms.
Mono: successfully reloaded assembly
- Completed reload, in  0.799 seconds
Platform modules already initialized, skipping
Refreshing native plugins compatible for Editor in 0.39 ms, found 0 plugins.
Preloading 0 native plugins for Editor in 0.00 ms.
Unloading 1120 Unused Serialized files (Serialized files now loaded: 0)
System memory in use before: 59.1 MB.
System memory in use after: 59.2 MB.

Unloading 5 unused Assets to reduce memory usage. Loaded Objects now: 1695.
Total: 1.862100 ms (FindLiveObjects: 0.192500 ms CreateObjectMapping: 0.064700 ms MarkObjects: 1.544700 ms  DeleteObjects: 0.059000 ms)

========================================================================
Received Prepare
Registering precompiled user dll's ...
Registered in 0.000614 seconds.
Begin MonoManager ReloadAssembly
Native extension for WindowsStandalone target not found
Native extension for WebGL target not found
Refreshing native plugins compatible for Editor in 0.25 ms, found 0 plugins.
Preloading 0 native plugins for Editor in 0.00 ms.
Mono: successfully reloaded assembly
- Completed reload, in  0.819 seconds
Platform modules already initialized, skipping
Refreshing native plugins compatible for Editor in 0.25 ms, found 0 plugins.
Preloading 0 native plugins for Editor in 0.00 ms.
Unloading 1120 Unused Serialized files (Serialized files now loaded: 0)
System memory in use before: 59.1 MB.
System memory in use after: 59.2 MB.

Unloading 5 unused Assets to reduce memory usage. Loaded Objects now: 1698.
Total: 1.798700 ms (FindLiveObjects: 0.205600 ms CreateObjectMapping: 0.098500 ms MarkObjects: 1.438500 ms  DeleteObjects: 0.055100 ms)

========================================================================
Received Prepare
Registering precompiled user dll's ...
Registered in 0.000572 seconds.
Begin MonoManager ReloadAssembly
Native extension for WindowsStandalone target not found
Native extension for WebGL target not found
Refreshing native plugins compatible for Editor in 0.26 ms, found 0 plugins.
Preloading 0 native plugins for Editor in 0.00 ms.
Mono: successfully reloaded assembly
- Completed reload, in  0.841 seconds
Platform modules already initialized, skipping
Refreshing native plugins compatible for Editor in 0.28 ms, found 0 plugins.
Preloading 0 native plugins for Editor in 0.00 ms.
Unloading 1120 Unused Serialized files (Serialized files now loaded: 0)
System memory in use before: 59.2 MB.
System memory in use after: 59.2 MB.

Unloading 5 unused Assets to reduce memory usage. Loaded Objects now: 1701.
Total: 2.456700 ms (FindLiveObjects: 0.311900 ms CreateObjectMapping: 0.113300 ms MarkObjects: 1.958700 ms  DeleteObjects: 0.071700 ms)

========================================================================
Received Prepare
Registering precompiled user dll's ...
Registered in 0.000639 seconds.
Begin MonoManager ReloadAssembly
Native extension for WindowsStandalone target not found
Native extension for WebGL target not found
Refreshing native plugins compatible for Editor in 0.27 ms, found 0 plugins.
Preloading 0 native plugins for Editor in 0.00 ms.
Mono: successfully reloaded assembly
- Completed reload, in  0.803 seconds
Platform modules already initialized, skipping
Refreshing native plugins compatible for Editor in 0.27 ms, found 0 plugins.
Preloading 0 native plugins for Editor in 0.00 ms.
Unloading 1120 Unused Serialized files (Serialized files now loaded: 0)
System memory in use before: 59.2 MB.
System memory in use after: 59.2 MB.

Unloading 5 unused Assets to reduce memory usage. Loaded Objects now: 1704.
Total: 1.616900 ms (FindLiveObjects: 0.183100 ms CreateObjectMapping: 0.036000 ms MarkObjects: 1.341000 ms  DeleteObjects: 0.055100 ms)

========================================================================
Received Prepare
Registering precompiled user dll's ...
Registered in 0.000630 seconds.
Begin MonoManager ReloadAssembly
Native extension for WindowsStandalone target not found
Native extension for WebGL target not found
Refreshing native plugins compatible for Editor in 0.25 ms, found 0 plugins.
Preloading 0 native plugins for Editor in 0.00 ms.
Mono: successfully reloaded assembly
- Completed reload, in  0.814 seconds
Platform modules already initialized, skipping
Refreshing native plugins compatible for Editor in 0.30 ms, found 0 plugins.
Preloading 0 native plugins for Editor in 0.00 ms.
Unloading 1120 Unused Serialized files (Serialized files now loaded: 0)
System memory in use before: 59.2 MB.
System memory in use after: 59.2 MB.

Unloading 5 unused Assets to reduce memory usage. Loaded Objects now: 1707.
Total: 2.349700 ms (FindLiveObjects: 0.316300 ms CreateObjectMapping: 0.118600 ms MarkObjects: 1.849700 ms  DeleteObjects: 0.063600 ms)

========================================================================
Received Prepare
Registering precompiled user dll's ...
Registered in 0.000594 seconds.
Begin MonoManager ReloadAssembly
Native extension for WindowsStandalone target not found
Native extension for WebGL target not found
Refreshing native plugins compatible for Editor in 0.39 ms, found 0 plugins.
Preloading 0 native plugins for Editor in 0.00 ms.
Mono: successfully reloaded assembly
- Completed reload, in  0.836 seconds
Platform modules already initialized, skipping
Refreshing native plugins compatible for Editor in 0.29 ms, found 0 plugins.
Preloading 0 native plugins for Editor in 0.00 ms.
Unloading 1120 Unused Serialized files (Serialized files now loaded: 0)
System memory in use before: 59.2 MB.
System memory in use after: 59.2 MB.

Unloading 5 unused Assets to reduce memory usage. Loaded Objects now: 1710.
Total: 2.497000 ms (FindLiveObjects: 0.278500 ms CreateObjectMapping: 0.109500 ms MarkObjects: 2.028100 ms  DeleteObjects: 0.078400 ms)

========================================================================
Received Prepare
Registering precompiled user dll's ...
Registered in 0.000566 seconds.
Begin MonoManager ReloadAssembly
Native extension for WindowsStandalone target not found
Native extension for WebGL target not found
Refreshing native plugins compatible for Editor in 0.30 ms, found 0 plugins.
Preloading 0 native plugins for Editor in 0.00 ms.
Mono: successfully reloaded assembly
- Completed reload, in  0.788 seconds
Platform modules already initialized, skipping
Refreshing native plugins compatible for Editor in 0.24 ms, found 0 plugins.
Preloading 0 native plugins for Editor in 0.00 ms.
Unloading 1120 Unused Serialized files (Serialized files now loaded: 0)
System memory in use before: 59.2 MB.
System memory in use after: 59.3 MB.

Unloading 5 unused Assets to reduce memory usage. Loaded Objects now: 1713.
Total: 2.154500 ms (FindLiveObjects: 0.195900 ms CreateObjectMapping: 0.038100 ms MarkObjects: 1.859200 ms  DeleteObjects: 0.059900 ms)

========================================================================
Received Prepare
Registering precompiled user dll's ...
Registered in 0.000605 seconds.
Begin MonoManager ReloadAssembly
Native extension for WindowsStandalone target not found
Native extension for WebGL target not found
Refreshing native plugins compatible for Editor in 0.26 ms, found 0 plugins.
Preloading 0 native plugins for Editor in 0.00 ms.
Mono: successfully reloaded assembly
- Completed reload, in  0.774 seconds
Platform modules already initialized, skipping
Refreshing native plugins compatible for Editor in 0.24 ms, found 0 plugins.
Preloading 0 native plugins for Editor in 0.00 ms.
Unloading 1120 Unused Serialized files (Serialized files now loaded: 0)
System memory in use before: 59.2 MB.
System memory in use after: 59.3 MB.

Unloading 5 unused Assets to reduce memory usage. Loaded Objects now: 1716.
Total: 2.388900 ms (FindLiveObjects: 0.232200 ms CreateObjectMapping: 0.081500 ms MarkObjects: 2.006800 ms  DeleteObjects: 0.066600 ms)

========================================================================
Received Prepare
Registering precompiled user dll's ...
Registered in 0.000627 seconds.
Begin MonoManager ReloadAssembly
Native extension for WindowsStandalone target not found
Native extension for WebGL target not found
Refreshing native plugins compatible for Editor in 0.25 ms, found 0 plugins.
Preloading 0 native plugins for Editor in 0.00 ms.
Mono: successfully reloaded assembly
- Completed reload, in  0.784 seconds
Platform modules already initialized, skipping
Refreshing native plugins compatible for Editor in 0.25 ms, found 0 plugins.
Preloading 0 native plugins for Editor in 0.00 ms.
Unloading 1120 Unused Serialized files (Serialized files now loaded: 0)
System memory in use before: 59.2 MB.
System memory in use after: 59.3 MB.

Unloading 5 unused Assets to reduce memory usage. Loaded Objects now: 1719.
Total: 2.185900 ms (FindLiveObjects: 0.173600 ms CreateObjectMapping: 0.086300 ms MarkObjects: 1.876800 ms  DeleteObjects: 0.048200 ms)

========================================================================
Received Prepare
Registering precompiled user dll's ...
Registered in 0.000581 seconds.
Begin MonoManager ReloadAssembly
Native extension for WindowsStandalone target not found
Native extension for WebGL target not found
Refreshing native plugins compatible for Editor in 0.25 ms, found 0 plugins.
Preloading 0 native plugins for Editor in 0.00 ms.
Mono: successfully reloaded assembly
- Completed reload, in  0.801 seconds
Platform modules already initialized, skipping
Refreshing native plugins compatible for Editor in 0.24 ms, found 0 plugins.
Preloading 0 native plugins for Editor in 0.00 ms.
Unloading 1120 Unused Serialized files (Serialized files now loaded: 0)
System memory in use before: 59.2 MB.
System memory in use after: 59.3 MB.

Unloading 5 unused Assets to reduce memory usage. Loaded Objects now: 1722.
Total: 2.019300 ms (FindLiveObjects: 0.222300 ms CreateObjectMapping: 0.053400 ms MarkObjects: 1.685300 ms  DeleteObjects: 0.056800 ms)

========================================================================
Received Prepare
Registering precompiled user dll's ...
Registered in 0.000533 seconds.
Begin MonoManager ReloadAssembly
Native extension for WindowsStandalone target not found
Native extension for WebGL target not found
Refreshing native plugins compatible for Editor in 0.39 ms, found 0 plugins.
Preloading 0 native plugins for Editor in 0.00 ms.
Mono: successfully reloaded assembly
- Completed reload, in  0.790 seconds
Platform modules already initialized, skipping
Refreshing native plugins compatible for Editor in 0.25 ms, found 0 plugins.
Preloading 0 native plugins for Editor in 0.00 ms.
Unloading 1120 Unused Serialized files (Serialized files now loaded: 0)
System memory in use before: 59.2 MB.
System memory in use after: 59.3 MB.

Unloading 5 unused Assets to reduce memory usage. Loaded Objects now: 1725.
Total: 1.700700 ms (FindLiveObjects: 0.178400 ms CreateObjectMapping: 0.039200 ms MarkObjects: 1.423800 ms  DeleteObjects: 0.058100 ms)

========================================================================
Received Prepare
Registering precompiled user dll's ...
Registered in 0.000605 seconds.
Begin MonoManager ReloadAssembly
Native extension for WindowsStandalone target not found
Native extension for WebGL target not found
Refreshing native plugins compatible for Editor in 0.25 ms, found 0 plugins.
Preloading 0 native plugins for Editor in 0.00 ms.
Mono: successfully reloaded assembly
- Completed reload, in  0.774 seconds
Platform modules already initialized, skipping
Refreshing native plugins compatible for Editor in 0.27 ms, found 0 plugins.
Preloading 0 native plugins for Editor in 0.00 ms.
Unloading 1120 Unused Serialized files (Serialized files now loaded: 0)
System memory in use before: 59.2 MB.
System memory in use after: 59.3 MB.

Unloading 5 unused Assets to reduce memory usage. Loaded Objects now: 1728.
Total: 1.966100 ms (FindLiveObjects: 0.143700 ms CreateObjectMapping: 0.035900 ms MarkObjects: 1.733500 ms  DeleteObjects: 0.051900 ms)

========================================================================
Received Import Request.
  Time since last request: 6397.174886 seconds.
  path: Assets/Levels/level_1 1.unity
  artifactKey: Guid(d971d14e7e732d442b334e0849bdd3d2) Importer(815301076,1909f56bfc062723c751e8b465ee728b)
Start importing Assets/Levels/level_1 1.unity using Guid(d971d14e7e732d442b334e0849bdd3d2) Importer(815301076,1909f56bfc062723c751e8b465ee728b)  -> (artifact id: '3d76750667129b33f8d39c7b8cffb46c') in 0.016760 seconds
  Import took 0.018957 seconds .

========================================================================
Received Import Request.
  Time since last request: 0.000442 seconds.
  path: Assets/Levels/level_1 1.unity
  artifactKey: Guid(d971d14e7e732d442b334e0849bdd3d2) Importer(815301076,1909f56bfc062723c751e8b465ee728b)
Start importing Assets/Levels/level_1 1.unity using Guid(d971d14e7e732d442b334e0849bdd3d2) Importer(815301076,1909f56bfc062723c751e8b465ee728b)  -> (artifact id: '3d76750667129b33f8d39c7b8cffb46c') in 0.002172 seconds
  Import took 0.004595 seconds .

========================================================================
Received Import Request.
  Time since last request: 0.236693 seconds.
  path: Assets/Levels/level_1 2.unity
  artifactKey: Guid(0644ef35c19cbb147998e62c30f96c04) Importer(815301076,1909f56bfc062723c751e8b465ee728b)
Start importing Assets/Levels/level_1 2.unity using Guid(0644ef35c19cbb147998e62c30f96c04) Importer(815301076,1909f56bfc062723c751e8b465ee728b)  -> (artifact id: '4ea3895a06857c1dd169d36eb3cbae9c') in 0.007394 seconds
  Import took 0.009396 seconds .

========================================================================
Received Import Request.
  Time since last request: 6.482285 seconds.
  path: Assets/Levels/level_2.unity
  artifactKey: Guid(d971d14e7e732d442b334e0849bdd3d2) Importer(815301076,1909f56bfc062723c751e8b465ee728b)
Start importing Assets/Levels/level_2.unity using Guid(d971d14e7e732d442b334e0849bdd3d2) Importer(815301076,1909f56bfc062723c751e8b465ee728b)  -> (artifact id: 'e0f818b7d3d787d7384bfa50126bbb97') in 0.002826 seconds
  Import took 0.004947 seconds .

========================================================================
Received Import Request.
  Time since last request: 3.571690 seconds.
  path: Assets/Levels/level_3.unity
  artifactKey: Guid(0644ef35c19cbb147998e62c30f96c04) Importer(815301076,1909f56bfc062723c751e8b465ee728b)
Start importing Assets/Levels/level_3.unity using Guid(0644ef35c19cbb147998e62c30f96c04) Importer(815301076,1909f56bfc062723c751e8b465ee728b)  -> (artifact id: 'dc98947f311a49a3f3e3d016c3835787') in 0.002683 seconds
  Import took 0.005088 seconds .

========================================================================
Received Prepare
Registering precompiled user dll's ...
Registered in 0.000922 seconds.
Begin MonoManager ReloadAssembly
Native extension for WindowsStandalone target not found
Native extension for WebGL target not found
Refreshing native plugins compatible for Editor in 0.25 ms, found 0 plugins.
Preloading 0 native plugins for Editor in 0.00 ms.
Mono: successfully reloaded assembly
- Completed reload, in  0.802 seconds
Platform modules already initialized, skipping
Refreshing native plugins compatible for Editor in 0.25 ms, found 0 plugins.
Preloading 0 native plugins for Editor in 0.00 ms.
Unloading 1120 Unused Serialized files (Serialized files now loaded: 0)
System memory in use before: 59.2 MB.
System memory in use after: 59.3 MB.

Unloading 5 unused Assets to reduce memory usage. Loaded Objects now: 1731.
Total: 2.384800 ms (FindLiveObjects: 0.211800 ms CreateObjectMapping: 0.086000 ms MarkObjects: 2.037100 ms  DeleteObjects: 0.049100 ms)

========================================================================
Received Import Request.
  Time since last request: 45.183479 seconds.
  path: Assets/Levels/level_1.unity
  artifactKey: Guid(3a29f04b3982e5c4ca466212334670c2) Importer(815301076,1909f56bfc062723c751e8b465ee728b)
Start importing Assets/Levels/level_1.unity using Guid(3a29f04b3982e5c4ca466212334670c2) Importer(815301076,1909f56bfc062723c751e8b465ee728b)  -> (artifact id: '524b03a3235c87fcb28b1a444c5d61b6') in 0.015847 seconds
  Import took 0.017958 seconds .

========================================================================
Received Import Request.
  Time since last request: 0.287055 seconds.
  path: Assets/Levels/level_1 1.unity
  artifactKey: Guid(9cb597349430a2b46aadbe468dd0d927) Importer(815301076,1909f56bfc062723c751e8b465ee728b)
Start importing Assets/Levels/level_1 1.unity using Guid(9cb597349430a2b46aadbe468dd0d927) Importer(815301076,1909f56bfc062723c751e8b465ee728b)  -> (artifact id: '1b3cb16d9c5e596bb6ba897d636dbaf4') in 0.002782 seconds
  Import took 0.005103 seconds .

========================================================================
Received Import Request.
  Time since last request: 0.373616 seconds.
  path: Assets/Levels/level_1 2.unity
  artifactKey: Guid(7fdb82c642d5b764796601933bdebf91) Importer(815301076,1909f56bfc062723c751e8b465ee728b)
Start importing Assets/Levels/level_1 2.unity using Guid(7fdb82c642d5b764796601933bdebf91) Importer(815301076,1909f56bfc062723c751e8b465ee728b)  -> (artifact id: '39b94858c38d5bffb568ebb180322f60') in 0.002957 seconds
  Import took 0.005559 seconds .

========================================================================
Received Import Request.
  Time since last request: 3.027173 seconds.
  path: Assets/Levels/level_2.unity
  artifactKey: Guid(9cb597349430a2b46aadbe468dd0d927) Importer(815301076,1909f56bfc062723c751e8b465ee728b)
Start importing Assets/Levels/level_2.unity using Guid(9cb597349430a2b46aadbe468dd0d927) Importer(815301076,1909f56bfc062723c751e8b465ee728b)  -> (artifact id: '1e77e531bd0b24bc9b81265168453155') in 0.003295 seconds
  Import took 0.006645 seconds .

========================================================================
Received Import Request.
  Time since last request: 3.170532 seconds.
  path: Assets/Levels/level_3.unity
  artifactKey: Guid(7fdb82c642d5b764796601933bdebf91) Importer(815301076,1909f56bfc062723c751e8b465ee728b)
Start importing Assets/Levels/level_3.unity using Guid(7fdb82c642d5b764796601933bdebf91) Importer(815301076,1909f56bfc062723c751e8b465ee728b)  -> (artifact id: 'eebef2caea6078fb4885549af9fa2711') in 0.002814 seconds
  Import took 0.005253 seconds .

========================================================================
Received Prepare
Registering precompiled user dll's ...
Registered in 0.000901 seconds.
Begin MonoManager ReloadAssembly
Native extension for WindowsStandalone target not found
Native extension for WebGL target not found
Refreshing native plugins compatible for Editor in 0.25 ms, found 0 plugins.
Preloading 0 native plugins for Editor in 0.00 ms.
Mono: successfully reloaded assembly
- Completed reload, in  0.830 seconds
Platform modules already initialized, skipping
Refreshing native plugins compatible for Editor in 0.25 ms, found 0 plugins.
Preloading 0 native plugins for Editor in 0.00 ms.
Unloading 1120 Unused Serialized files (Serialized files now loaded: 0)
System memory in use before: 59.3 MB.
System memory in use after: 59.4 MB.

Unloading 5 unused Assets to reduce memory usage. Loaded Objects now: 1734.
Total: 2.391200 ms (FindLiveObjects: 0.193600 ms CreateObjectMapping: 0.093500 ms MarkObjects: 2.052300 ms  DeleteObjects: 0.050500 ms)

========================================================================
Received Prepare
Registering precompiled user dll's ...
Registered in 0.000634 seconds.
Begin MonoManager ReloadAssembly
Native extension for WindowsStandalone target not found
Native extension for WebGL target not found
Refreshing native plugins compatible for Editor in 0.27 ms, found 0 plugins.
Preloading 0 native plugins for Editor in 0.00 ms.
Mono: successfully reloaded assembly
- Completed reload, in  0.830 seconds
Platform modules already initialized, skipping
Refreshing native plugins compatible for Editor in 0.25 ms, found 0 plugins.
Preloading 0 native plugins for Editor in 0.00 ms.
Unloading 1120 Unused Serialized files (Serialized files now loaded: 0)
System memory in use before: 59.3 MB.
System memory in use after: 59.4 MB.

Unloading 5 unused Assets to reduce memory usage. Loaded Objects now: 1737.
Total: 2.869700 ms (FindLiveObjects: 0.226500 ms CreateObjectMapping: 0.050300 ms MarkObjects: 2.502400 ms  DeleteObjects: 0.088700 ms)

========================================================================
Received Prepare
Registering precompiled user dll's ...
Registered in 0.000615 seconds.
Begin MonoManager ReloadAssembly
Native extension for WindowsStandalone target not found
Native extension for WebGL target not found
Refreshing native plugins compatible for Editor in 0.24 ms, found 0 plugins.
Preloading 0 native plugins for Editor in 0.00 ms.
Mono: successfully reloaded assembly
- Completed reload, in  0.792 seconds
Platform modules already initialized, skipping
Refreshing native plugins compatible for Editor in 0.24 ms, found 0 plugins.
Preloading 0 native plugins for Editor in 0.00 ms.
Unloading 1120 Unused Serialized files (Serialized files now loaded: 0)
System memory in use before: 59.3 MB.
System memory in use after: 59.4 MB.

Unloading 5 unused Assets to reduce memory usage. Loaded Objects now: 1740.
Total: 1.966400 ms (FindLiveObjects: 0.177300 ms CreateObjectMapping: 0.069800 ms MarkObjects: 1.663100 ms  DeleteObjects: 0.054700 ms)

========================================================================
Received Import Request.
  Time since last request: 932.996004 seconds.
  path: Assets/Scripts/LevelSystem.cs
  artifactKey: Guid(f6017bd1f5b19e94895c33eb3bccb283) Importer(815301076,1909f56bfc062723c751e8b465ee728b)
Start importing Assets/Scripts/LevelSystem.cs using Guid(f6017bd1f5b19e94895c33eb3bccb283) Importer(815301076,1909f56bfc062723c751e8b465ee728b)  -> (artifact id: 'c415c491e73f223c6de0012c077979a1') in 0.004544 seconds
  Import took 0.006808 seconds .

========================================================================
Received Import Request.
  Time since last request: 0.029521 seconds.
  path: Assets/Scripts/LevelSystem.cs
  artifactKey: Guid(f6017bd1f5b19e94895c33eb3bccb283) Importer(815301076,1909f56bfc062723c751e8b465ee728b)
Start importing Assets/Scripts/LevelSystem.cs using Guid(f6017bd1f5b19e94895c33eb3bccb283) Importer(815301076,1909f56bfc062723c751e8b465ee728b)  -> (artifact id: 'c415c491e73f223c6de0012c077979a1') in 0.002143 seconds
  Import took 0.004407 seconds .

========================================================================
Received Import Request.
  Time since last request: 10.393226 seconds.
  path: Assets/Scripts/CrateSpawner.cs
  artifactKey: Guid(b4b96559246558c42873e45bef62b7db) Importer(815301076,1909f56bfc062723c751e8b465ee728b)
Start importing Assets/Scripts/CrateSpawner.cs using Guid(b4b96559246558c42873e45bef62b7db) Importer(815301076,1909f56bfc062723c751e8b465ee728b)  -> (artifact id: '85726ffa28453b78d4c9b0970f067436') in 0.006916 seconds
  Import took 0.009248 seconds .

========================================================================
Received Import Request.
  Time since last request: 0.001322 seconds.
  path: Assets/Scripts/CrateSpawner.cs
  artifactKey: Guid(b4b96559246558c42873e45bef62b7db) Importer(815301076,1909f56bfc062723c751e8b465ee728b)
Start importing Assets/Scripts/CrateSpawner.cs using Guid(b4b96559246558c42873e45bef62b7db) Importer(815301076,1909f56bfc062723c751e8b465ee728b)  -> (artifact id: '85726ffa28453b78d4c9b0970f067436') in 0.001968 seconds
  Import took 0.003994 seconds .

========================================================================
Received Import Request.
  Time since last request: 0.721812 seconds.
  path: Assets/Scripts/LevelDiffuculty.cs
  artifactKey: Guid(d2190848e19028045beedfee8a968816) Importer(815301076,1909f56bfc062723c751e8b465ee728b)
Start importing Assets/Scripts/LevelDiffuculty.cs using Guid(d2190848e19028045beedfee8a968816) Importer(815301076,1909f56bfc062723c751e8b465ee728b)  -> (artifact id: '17c2b86e2329186a98aafec84fa2a7f4') in 0.006532 seconds
  Import took 0.008568 seconds .

========================================================================
Received Prepare
Registering precompiled user dll's ...
Registered in 0.000634 seconds.
Begin MonoManager ReloadAssembly
Native extension for WindowsStandalone target not found
Native extension for WebGL target not found
Refreshing native plugins compatible for Editor in 0.24 ms, found 0 plugins.
Preloading 0 native plugins for Editor in 0.00 ms.
Mono: successfully reloaded assembly
- Completed reload, in  0.812 seconds
Platform modules already initialized, skipping
Refreshing native plugins compatible for Editor in 0.26 ms, found 0 plugins.
Preloading 0 native plugins for Editor in 0.00 ms.
Unloading 1119 Unused Serialized files (Serialized files now loaded: 0)
System memory in use before: 59.3 MB.
System memory in use after: 59.3 MB.

Unloading 6 unused Assets to reduce memory usage. Loaded Objects now: 1742.
Total: 2.191100 ms (FindLiveObjects: 0.194200 ms CreateObjectMapping: 0.076300 ms MarkObjects: 1.856700 ms  DeleteObjects: 0.062300 ms)

========================================================================
Received Import Request.
  Time since last request: 945.510388 seconds.
  path: Assets/Scripts/CrateSpawner.cs
  artifactKey: Guid(b4b96559246558c42873e45bef62b7db) Importer(815301076,1909f56bfc062723c751e8b465ee728b)
Start importing Assets/Scripts/CrateSpawner.cs using Guid(b4b96559246558c42873e45bef62b7db) Importer(815301076,1909f56bfc062723c751e8b465ee728b)  -> (artifact id: 'e0a35fe7b2de75872a041d8b61872711') in 0.004837 seconds
  Import took 0.007512 seconds .

========================================================================
Received Import Request.
  Time since last request: 0.001944 seconds.
  path: Assets/Scripts/CrateSpawner.cs
  artifactKey: Guid(b4b96559246558c42873e45bef62b7db) Importer(815301076,1909f56bfc062723c751e8b465ee728b)
Start importing Assets/Scripts/CrateSpawner.cs using Guid(b4b96559246558c42873e45bef62b7db) Importer(815301076,1909f56bfc062723c751e8b465ee728b)  -> (artifact id: 'e0a35fe7b2de75872a041d8b61872711') in 0.002104 seconds
  Import took 0.004398 seconds .

